2023-10-16 14:05:36.227 [info] Log level: Info
2023-10-16 14:05:36.227 [info] Validating found git in: "C:\Program Files\Git\cmd\git.exe"
2023-10-16 14:05:36.227 [info] Using git "2.39.2.windows.1" from "C:\Program Files\Git\cmd\git.exe"
2023-10-16 14:06:05.415 [info] Log level: Info
2023-10-16 14:06:05.415 [info] Validating found git in: "C:\Program Files\Git\cmd\git.exe"
2023-10-16 14:06:05.453 [info] Using git "2.39.2.windows.1" from "C:\Program Files\Git\cmd\git.exe"
2023-10-16 14:06:05.493 [info] > git rev-parse --show-toplevel [32ms]
2023-10-16 14:06:05.526 [info] > git rev-parse --git-dir --git-common-dir [30ms]
2023-10-16 14:06:05.535 [info] Open repository: c:\Users\DISS_PC\Desktop\react-native-shopping-app-main
2023-10-16 14:06:05.588 [info] > git config --get commit.template [44ms]
2023-10-16 14:06:05.589 [info] > git rev-parse --show-toplevel [42ms]
2023-10-16 14:06:05.596 [info] > git for-each-ref --format=%(refname)%00%(upstream:short)%00%(objectname)%00%(upstream:track)%00%(upstream:remotename)%00%(upstream:remoteref) --ignore-case refs/heads/main refs/remotes/main [42ms]
2023-10-16 14:06:05.624 [info] > git rev-parse --show-toplevel [32ms]
2023-10-16 14:06:05.640 [info] > git status -z -uall [40ms]
2023-10-16 14:06:05.660 [info] > git rev-parse --show-toplevel [34ms]
2023-10-16 14:06:05.710 [info] > git for-each-ref --format=%(refname)%00%(upstream:short)%00%(objectname)%00%(upstream:track)%00%(upstream:remotename)%00%(upstream:remoteref) --ignore-case refs/heads/main refs/remotes/main [44ms]
2023-10-16 14:06:05.710 [info] > git rev-parse --show-toplevel [47ms]
2023-10-16 14:06:05.710 [info] > git config --get commit.template [55ms]
2023-10-16 14:06:05.780 [info] > git status -z -uall [68ms]
2023-10-16 14:06:05.781 [info] > git rev-parse --show-toplevel [46ms]
2023-10-16 14:06:06.088 [info] > git check-ignore -v -z --stdin [34ms]
2023-10-16 14:06:07.788 [info] > git config --get commit.template [32ms]
2023-10-16 14:06:07.798 [info] > git for-each-ref --format=%(refname)%00%(upstream:short)%00%(objectname)%00%(upstream:track)%00%(upstream:remotename)%00%(upstream:remoteref) --ignore-case refs/heads/main refs/remotes/main [41ms]
2023-10-16 14:06:07.839 [info] > git status -z -uall [39ms]
2023-10-16 14:06:09.823 [info] > git check-ignore -v -z --stdin [45ms]
2023-10-16 14:06:11.136 [info] > git check-ignore -v -z --stdin [37ms]
2023-10-16 14:06:12.741 [info] > git show --textconv :src/navigators/RootNavigator.tsx [44ms]
2023-10-16 14:06:12.742 [info] > git ls-files --stage -- C:\Users\DISS_PC\Desktop\react-native-shopping-app-main\src\navigators\RootNavigator.tsx [40ms]
2023-10-16 14:06:12.784 [info] > git cat-file -s 651bc7e17ac1d7c3b2ee7a7740a1671941a600cc [39ms]
2023-10-16 14:06:12.892 [info] > git config --get commit.template [42ms]
2023-10-16 14:06:12.899 [info] > git for-each-ref --format=%(refname)%00%(upstream:short)%00%(objectname)%00%(upstream:track)%00%(upstream:remotename)%00%(upstream:remoteref) --ignore-case refs/heads/main refs/remotes/main [45ms]
2023-10-16 14:06:12.952 [info] > git status -z -uall [49ms]
2023-10-16 14:06:18.001 [info] > git config --get commit.template [34ms]
2023-10-16 14:06:18.004 [info] > git for-each-ref --format=%(refname)%00%(upstream:short)%00%(objectname)%00%(upstream:track)%00%(upstream:remotename)%00%(upstream:remoteref) --ignore-case refs/heads/main refs/remotes/main [35ms]
2023-10-16 14:06:18.045 [info] > git status -z -uall [39ms]
2023-10-16 14:06:22.128 [info] > git check-ignore -v -z --stdin [34ms]
2023-10-16 14:06:22.654 [info] > git show --textconv :src/screens/HomeScreen.tsx [37ms]
2023-10-16 14:06:22.655 [info] > git ls-files --stage -- C:\Users\DISS_PC\Desktop\react-native-shopping-app-main\src\screens\HomeScreen.tsx [33ms]
2023-10-16 14:06:22.697 [info] > git cat-file -s e30dc3ffe9d741606601431454d9223537e87231 [39ms]
2023-10-16 14:06:23.094 [info] > git config --get commit.template [39ms]
2023-10-16 14:06:23.096 [info] > git for-each-ref --format=%(refname)%00%(upstream:short)%00%(objectname)%00%(upstream:track)%00%(upstream:remotename)%00%(upstream:remoteref) --ignore-case refs/heads/main refs/remotes/main [39ms]
2023-10-16 14:06:23.145 [info] > git status -z -uall [46ms]
2023-10-16 14:06:28.204 [info] > git config --get commit.template [38ms]
2023-10-16 14:06:28.207 [info] > git for-each-ref --format=%(refname)%00%(upstream:short)%00%(objectname)%00%(upstream:track)%00%(upstream:remotename)%00%(upstream:remoteref) --ignore-case refs/heads/main refs/remotes/main [38ms]
2023-10-16 14:06:28.248 [info] > git status -z -uall [38ms]
