2023-10-16 14:05:35.857 [info] Extension host with pid 15976 started
2023-10-16 14:05:35.934 [info] ExtensionService#_doActivateExtension vscode.git-base, startup: true, activationEvent: '*', root cause: vscode.git
2023-10-16 14:05:35.988 [info] ExtensionService#_doActivateExtension vscode.git, startup: true, activationEvent: '*'
2023-10-16 14:05:36.067 [info] ExtensionService#_doActivateExtension vscode.github, startup: true, activationEvent: '*'
2023-10-16 14:05:36.170 [info] Eager extensions activated
2023-10-16 14:05:36.273 [info] ExtensionService#_doActivateExtension vscode.debug-auto-launch, startup: false, activationEvent: 'onStartupFinished'
2023-10-16 14:05:36.277 [info] ExtensionService#_doActivateExtension vscode.merge-conflict, startup: false, activationEvent: 'onStartupFinished'
2023-10-16 14:05:36.309 [info] ExtensionService#_doActivateExtension ms-vscode-remote.remote-wsl-recommender, startup: false, activationEvent: 'onStartupFinished'
2023-10-16 14:06:00.542 [info] Extension host terminating: renderer closed the MessagePort
2023-10-16 14:06:00.549 [info] Extension host with pid 15976 exiting with code 0
2023-10-16 14:06:01.318 [info] Extension host with pid 3812 started
2023-10-16 14:06:01.318 [info] Skipping acquiring lock for c:\Users\DISS_PC\Desktop\react-native-shopping-app-main\~\vscode-clean\User\workspaceStorage\16928ba875cf845e3a1c10ecb7675328.
2023-10-16 14:06:01.346 [info] ExtensionService#_doActivateExtension vscode.git-base, startup: true, activationEvent: '*'
2023-10-16 14:06:01.349 [info] ExtensionService#_doActivateExtension vscode.npm, startup: true, activationEvent: 'workspaceContains:package.json'
2023-10-16 14:06:01.393 [info] ExtensionService#_doActivateExtension vscode.github, startup: true, activationEvent: '*'
2023-10-16 14:06:01.452 [info] Eager extensions activated
2023-10-16 14:06:01.459 [info] ExtensionService#_doActivateExtension vscode.debug-auto-launch, startup: false, activationEvent: 'onStartupFinished'
2023-10-16 14:06:01.462 [info] ExtensionService#_doActivateExtension vscode.merge-conflict, startup: false, activationEvent: 'onStartupFinished'
2023-10-16 14:06:01.469 [info] ExtensionService#_doActivateExtension ms-vscode-remote.remote-wsl-recommender, startup: false, activationEvent: 'onStartupFinished'
2023-10-16 14:06:05.388 [info] ExtensionService#_doActivateExtension vscode.git, startup: false, activationEvent: 'api', root cause: vscode.github
2023-10-16 14:06:05.666 [info] ExtensionService#_doActivateExtension vscode.github-authentication, startup: false, activationEvent: 'onAuthenticationRequest:github'
2023-10-16 14:06:12.302 [info] ExtensionService#_doActivateExtension vscode.typescript-language-features, startup: false, activationEvent: 'onLanguage:typescriptreact'
2023-10-16 14:06:12.365 [info] ExtensionService#_doActivateExtension vscode.emmet, startup: false, activationEvent: 'onLanguage'
2023-10-16 14:06:30.499 [info] Extension host terminating: renderer closed the MessagePort
2023-10-16 14:06:30.514 [error] Canceled: Canceled
	at new g (c:\Users\DISS_PC\AppData\Local\Programs\Microsoft VS Code\resources\app\out\vs\workbench\api\node\extensionHostProcess.js:125:57216)
	at i.U (c:\Users\DISS_PC\AppData\Local\Programs\Microsoft VS Code\resources\app\out\vs\workbench\api\node\extensionHostProcess.js:134:10864)
	at M.<computed>.j.charCodeAt.M.<computed> (c:\Users\DISS_PC\AppData\Local\Programs\Microsoft VS Code\resources\app\out\vs\workbench\api\node\extensionHostProcess.js:134:8315)
	at n.g (c:\Users\DISS_PC\AppData\Local\Programs\Microsoft VS Code\resources\app\out\vs\workbench\api\node\extensionHostProcess.js:125:83747)
	at n.executeCommand (c:\Users\DISS_PC\AppData\Local\Programs\Microsoft VS Code\resources\app\out\vs\workbench\api\node\extensionHostProcess.js:125:83185)
	at b.registerCommand.description (c:\Users\DISS_PC\AppData\Local\Programs\Microsoft VS Code\resources\app\out\vs\workbench\api\node\extensionHostProcess.js:125:82506)
	at n.h (c:\Users\DISS_PC\AppData\Local\Programs\Microsoft VS Code\resources\app\out\vs\workbench\api\node\extensionHostProcess.js:125:84283)
	at n.g (c:\Users\DISS_PC\AppData\Local\Programs\Microsoft VS Code\resources\app\out\vs\workbench\api\node\extensionHostProcess.js:125:83278)
	at n.executeCommand (c:\Users\DISS_PC\AppData\Local\Programs\Microsoft VS Code\resources\app\out\vs\workbench\api\node\extensionHostProcess.js:125:83185)
	at Object.executeCommand (c:\Users\DISS_PC\AppData\Local\Programs\Microsoft VS Code\resources\app\out\vs\workbench\api\node\extensionHostProcess.js:140:21282)
	at s.D [as value] (c:\Users\DISS_PC\AppData\Local\Programs\Microsoft VS Code\resources\app\extensions\git\dist\main.js:2:1312800)
	at c.z (c:\Users\DISS_PC\AppData\Local\Programs\Microsoft VS Code\resources\app\out\vs\workbench\api\node\extensionHostProcess.js:80:1902)
	at c.A (c:\Users\DISS_PC\AppData\Local\Programs\Microsoft VS Code\resources\app\out\vs\workbench\api\node\extensionHostProcess.js:80:1972)
	at c.fire (c:\Users\DISS_PC\AppData\Local\Programs\Microsoft VS Code\resources\app\out\vs\workbench\api\node\extensionHostProcess.js:80:2188)
	at Object.m [as dispose] (c:\Users\DISS_PC\AppData\Local\Programs\Microsoft VS Code\resources\app\extensions\git\dist\main.js:2:1328588)
	at c:\Users\DISS_PC\AppData\Local\Programs\Microsoft VS Code\resources\app\extensions\git\dist\main.js:2:1333429
	at Array.forEach (<anonymous>)
	at g.dispose (c:\Users\DISS_PC\AppData\Local\Programs\Microsoft VS Code\resources\app\extensions\git\dist\main.js:2:1333415)
	at v.<anonymous> (c:\Users\DISS_PC\AppData\Local\Programs\Microsoft VS Code\resources\app\out\vs\workbench\api\node\extensionHostProcess.js:121:3521)
	at v.dispose (c:\Users\DISS_PC\AppData\Local\Programs\Microsoft VS Code\resources\app\out\vs\workbench\api\node\extensionHostProcess.js:121:3618)
	at v.<anonymous> (c:\Users\DISS_PC\AppData\Local\Programs\Microsoft VS Code\resources\app\extensions\git\dist\main.js:2:1314812)
	at v.dispose (c:\Users\DISS_PC\AppData\Local\Programs\Microsoft VS Code\resources\app\out\vs\workbench\api\node\extensionHostProcess.js:121:3618)
	at o (c:\Users\DISS_PC\AppData\Local\Programs\Microsoft VS Code\resources\app\out\vs\workbench\api\node\extensionHostProcess.js:30:754)
	at s.cb (c:\Users\DISS_PC\AppData\Local\Programs\Microsoft VS Code\resources\app\out\vs\workbench\api\node\extensionHostProcess.js:136:9846)
	at c:\Users\DISS_PC\AppData\Local\Programs\Microsoft VS Code\resources\app\out\vs\workbench\api\node\extensionHostProcess.js:136:7796
	at Array.map (<anonymous>)
	at s.Y (c:\Users\DISS_PC\AppData\Local\Programs\Microsoft VS Code\resources\app\out\vs\workbench\api\node\extensionHostProcess.js:136:7784)
	at s.terminate (c:\Users\DISS_PC\AppData\Local\Programs\Microsoft VS Code\resources\app\out\vs\workbench\api\node\extensionHostProcess.js:136:8054)
	at o.terminate (c:\Users\DISS_PC\AppData\Local\Programs\Microsoft VS Code\resources\app\out\vs\workbench\api\node\extensionHostProcess.js:140:1513)
	at l (c:\Users\DISS_PC\AppData\Local\Programs\Microsoft VS Code\resources\app\out\vs\workbench\api\node\extensionHostProcess.js:153:9801)
	at MessagePortMain.<anonymous> (c:\Users\DISS_PC\AppData\Local\Programs\Microsoft VS Code\resources\app\out\vs\workbench\api\node\extensionHostProcess.js:153:6226)
	at MessagePortMain.emit (node:events:513:28)
	at MessagePortMain._internalPort.emit (node:electron/js2c/utility_init:2:367) setContext undefined
2023-10-16 14:06:30.516 [error] Canceled: Canceled
	at new g (c:\Users\DISS_PC\AppData\Local\Programs\Microsoft VS Code\resources\app\out\vs\workbench\api\node\extensionHostProcess.js:125:57216)
	at i.U (c:\Users\DISS_PC\AppData\Local\Programs\Microsoft VS Code\resources\app\out\vs\workbench\api\node\extensionHostProcess.js:134:10864)
	at M.<computed>.j.charCodeAt.M.<computed> (c:\Users\DISS_PC\AppData\Local\Programs\Microsoft VS Code\resources\app\out\vs\workbench\api\node\extensionHostProcess.js:134:8315)
	at n.g (c:\Users\DISS_PC\AppData\Local\Programs\Microsoft VS Code\resources\app\out\vs\workbench\api\node\extensionHostProcess.js:125:83747)
	at n.executeCommand (c:\Users\DISS_PC\AppData\Local\Programs\Microsoft VS Code\resources\app\out\vs\workbench\api\node\extensionHostProcess.js:125:83185)
	at b.registerCommand.description (c:\Users\DISS_PC\AppData\Local\Programs\Microsoft VS Code\resources\app\out\vs\workbench\api\node\extensionHostProcess.js:125:82506)
	at n.h (c:\Users\DISS_PC\AppData\Local\Programs\Microsoft VS Code\resources\app\out\vs\workbench\api\node\extensionHostProcess.js:125:84283)
	at n.g (c:\Users\DISS_PC\AppData\Local\Programs\Microsoft VS Code\resources\app\out\vs\workbench\api\node\extensionHostProcess.js:125:83278)
	at n.executeCommand (c:\Users\DISS_PC\AppData\Local\Programs\Microsoft VS Code\resources\app\out\vs\workbench\api\node\extensionHostProcess.js:125:83185)
	at Object.executeCommand (c:\Users\DISS_PC\AppData\Local\Programs\Microsoft VS Code\resources\app\out\vs\workbench\api\node\extensionHostProcess.js:140:21282)
	at set b [as b] (c:\Users\DISS_PC\AppData\Local\Programs\Microsoft VS Code\resources\app\extensions\github\dist\extension.js:2:714415)
	at c:\Users\DISS_PC\AppData\Local\Programs\Microsoft VS Code\resources\app\extensions\github\dist\extension.js:2:715056
	at s.value (c:\Users\DISS_PC\AppData\Local\Programs\Microsoft VS Code\resources\app\extensions\git\dist\main.js:2:1402040)
	at c.z (c:\Users\DISS_PC\AppData\Local\Programs\Microsoft VS Code\resources\app\out\vs\workbench\api\node\extensionHostProcess.js:80:1902)
	at c.A (c:\Users\DISS_PC\AppData\Local\Programs\Microsoft VS Code\resources\app\out\vs\workbench\api\node\extensionHostProcess.js:80:1972)
	at c.fire (c:\Users\DISS_PC\AppData\Local\Programs\Microsoft VS Code\resources\app\out\vs\workbench\api\node\extensionHostProcess.js:80:2188)
	at Object.m [as dispose] (c:\Users\DISS_PC\AppData\Local\Programs\Microsoft VS Code\resources\app\extensions\git\dist\main.js:2:1328588)
	at c:\Users\DISS_PC\AppData\Local\Programs\Microsoft VS Code\resources\app\extensions\git\dist\main.js:2:1333429
	at Array.forEach (<anonymous>)
	at g.dispose (c:\Users\DISS_PC\AppData\Local\Programs\Microsoft VS Code\resources\app\extensions\git\dist\main.js:2:1333415)
	at v.<anonymous> (c:\Users\DISS_PC\AppData\Local\Programs\Microsoft VS Code\resources\app\out\vs\workbench\api\node\extensionHostProcess.js:121:3521)
	at v.dispose (c:\Users\DISS_PC\AppData\Local\Programs\Microsoft VS Code\resources\app\out\vs\workbench\api\node\extensionHostProcess.js:121:3618)
	at v.<anonymous> (c:\Users\DISS_PC\AppData\Local\Programs\Microsoft VS Code\resources\app\extensions\git\dist\main.js:2:1314812)
	at v.dispose (c:\Users\DISS_PC\AppData\Local\Programs\Microsoft VS Code\resources\app\out\vs\workbench\api\node\extensionHostProcess.js:121:3618)
	at o (c:\Users\DISS_PC\AppData\Local\Programs\Microsoft VS Code\resources\app\out\vs\workbench\api\node\extensionHostProcess.js:30:754)
	at s.cb (c:\Users\DISS_PC\AppData\Local\Programs\Microsoft VS Code\resources\app\out\vs\workbench\api\node\extensionHostProcess.js:136:9846)
	at c:\Users\DISS_PC\AppData\Local\Programs\Microsoft VS Code\resources\app\out\vs\workbench\api\node\extensionHostProcess.js:136:7796
	at Array.map (<anonymous>)
	at s.Y (c:\Users\DISS_PC\AppData\Local\Programs\Microsoft VS Code\resources\app\out\vs\workbench\api\node\extensionHostProcess.js:136:7784)
	at s.terminate (c:\Users\DISS_PC\AppData\Local\Programs\Microsoft VS Code\resources\app\out\vs\workbench\api\node\extensionHostProcess.js:136:8054)
	at o.terminate (c:\Users\DISS_PC\AppData\Local\Programs\Microsoft VS Code\resources\app\out\vs\workbench\api\node\extensionHostProcess.js:140:1513)
	at l (c:\Users\DISS_PC\AppData\Local\Programs\Microsoft VS Code\resources\app\out\vs\workbench\api\node\extensionHostProcess.js:153:9801)
	at MessagePortMain.<anonymous> (c:\Users\DISS_PC\AppData\Local\Programs\Microsoft VS Code\resources\app\out\vs\workbench\api\node\extensionHostProcess.js:153:6226)
	at MessagePortMain.emit (node:events:513:28)
	at MessagePortMain._internalPort.emit (node:electron/js2c/utility_init:2:367) setContext undefined
2023-10-16 14:06:30.516 [info] Extension host with pid 3812 exiting with code 0
